<?xml version="1.0" encoding="UTF-8"?>
<!-- Generated by org.testng.reporters.JUnitXMLReporter -->
<testsuite ignored="0" hostname="LAPTOP-OVPBOMVD" failures="1" tests="1" name="Default test(failed)" time="16.82" errors="0" timestamp="2024-10-22T21:50:08 IST">
  <testcase classname="OrangeTestpkg.orangeloginpageTest" name="login" time="0.036">
    <failure type="java.lang.Error" message="Unresolved compilation problems: 
	The method sendKeys(String) is undefined for the type String
	The method sendKeys(String) is undefined for the type String
	Syntax error, insert &amp;quot;}&amp;quot; to complete MethodBody
">
      <![CDATA[java.lang.Error: Unresolved compilation problems: 
The method sendKeys(String) is undefined for the type String
The method sendKeys(String) is undefined for the type String
Syntax error, insert "}" to complete MethodBody

at OrangePagepkg.Orangeloginpage.<init>(Orangeloginpage.java:33)
at OrangeTestpkg.orangeloginpageTest.login(orangeloginpageTest.java:17)
at java.base/java.util.ArrayList.forEach(ArrayList.java:1596)
... Removed 25 stack frames]]>
    </failure>
  </testcase> <!-- login -->
</testsuite> <!-- Default test(failed) -->
