<?xml version="1.0" encoding="UTF-8"?>
<testng-results ignored="0" total="1" passed="1" failed="0" skipped="0">
  <reporter-output>
  </reporter-output>
  <suite started-at="2024-10-27T23:25:29 IST" name="Default suite" finished-at="2024-10-27T23:25:41 IST" duration-ms="12562">
    <groups>
    </groups>
    <test started-at="2024-10-27T23:25:29 IST" name="Default test" finished-at="2024-10-27T23:25:41 IST" duration-ms="12562">
      <class name="OrangeTestpkg.orangeloginpageTest">
        <test-method is-config="true" signature="setUp()[pri:0, instance:OrangeTestpkg.orangeloginpageTest@437da279]" started-at="2024-10-27T23:25:29 IST" name="setUp" finished-at="2024-10-27T23:25:41 IST" duration-ms="11876" status="PASS">
          <reporter-output>
          </reporter-output>
        </test-method> <!-- setUp -->
        <test-method signature="login()[pri:0, instance:OrangeTestpkg.orangeloginpageTest@437da279]" started-at="2024-10-27T23:25:41 IST" name="login" finished-at="2024-10-27T23:25:41 IST" duration-ms="166" status="PASS">
          <reporter-output>
          </reporter-output>
        </test-method> <!-- login -->
        <test-method is-config="true" signature="tearDown()[pri:0, instance:OrangeTestpkg.orangeloginpageTest@437da279]" started-at="2024-10-27T23:25:41 IST" name="tearDown" finished-at="2024-10-27T23:25:41 IST" duration-ms="435" status="PASS">
          <reporter-output>
          </reporter-output>
        </test-method> <!-- tearDown -->
      </class> <!-- OrangeTestpkg.orangeloginpageTest -->
    </test> <!-- Default test -->
  </suite> <!-- Default suite -->
</testng-results>
